2021-04-06 11:58:48.165 [main] INFO  DataBaseTestConfig - Create DB connection
2021-04-06 11:58:48.514 [main] INFO  DataBaseTestConfig - Closing DB connection
2021-04-06 11:58:48.519 [main] INFO  DataBaseTestConfig - Create DB connection
2021-04-06 11:58:48.540 [main] INFO  DataBaseTestConfig - Closing Result Set
2021-04-06 11:58:48.541 [main] INFO  DataBaseTestConfig - Closing Prepared Statement
2021-04-06 11:58:48.541 [main] INFO  DataBaseTestConfig - Closing DB connection
2021-04-06 11:58:48.542 [main] INFO  DataBaseTestConfig - Create DB connection
2021-04-06 11:58:48.546 [main] INFO  DataBaseTestConfig - Closing Prepared Statement
2021-04-06 11:58:48.546 [main] INFO  DataBaseTestConfig - Closing DB connection
2021-04-06 11:58:48.547 [main] INFO  DataBaseTestConfig - Create DB connection
2021-04-06 11:58:48.562 [main] INFO  DataBaseTestConfig - Closing DB connection
2021-04-06 11:58:48.568 [main] INFO  DataBaseTestConfig - Create DB connection
2021-04-06 11:58:48.574 [main] INFO  DataBaseTestConfig - Closing Result Set
2021-04-06 11:58:48.574 [main] INFO  DataBaseTestConfig - Closing Prepared Statement
2021-04-06 11:58:48.574 [main] INFO  DataBaseTestConfig - Closing DB connection
2021-04-06 11:58:48.581 [main] INFO  DataBaseTestConfig - Create DB connection
2021-04-06 11:58:48.584 [main] INFO  DataBaseTestConfig - Closing Result Set
2021-04-06 11:58:48.584 [main] INFO  DataBaseTestConfig - Closing Prepared Statement
2021-04-06 11:58:48.585 [main] INFO  DataBaseTestConfig - Closing DB connection
2021-04-06 11:58:48.585 [main] INFO  DataBaseTestConfig - Create DB connection
2021-04-06 11:58:48.589 [main] INFO  DataBaseTestConfig - Closing Result Set
2021-04-06 11:58:48.589 [main] INFO  DataBaseTestConfig - Closing Prepared Statement
2021-04-06 11:58:48.589 [main] INFO  DataBaseTestConfig - Closing DB connection
2021-04-06 11:58:48.589 [main] ERROR ParkingService - Unable to process exiting vehicle
java.lang.IllegalArgumentException: Out time provided is incorrect:Tue Apr 06 11:58:48 CEST 2021
	at com.parkit.parkingsystem.service.FareCalculatorService.calculateFare(FareCalculatorService.java:11) ~[classes/:?]
	at com.parkit.parkingsystem.service.ParkingService.processExitingVehicle(ParkingService.java:108) ~[classes/:?]
	at com.parkit.parkingsystem.integration.ParkingDataBaseIT.testParkingLotExit(ParkingDataBaseIT.java:86) ~[test-classes/:?]
	at jdk.internal.reflect.NativeMethodAccessorImpl.invoke0(Native Method) ~[?:?]
	at jdk.internal.reflect.NativeMethodAccessorImpl.invoke(NativeMethodAccessorImpl.java:62) ~[?:?]
	at jdk.internal.reflect.DelegatingMethodAccessorImpl.invoke(DelegatingMethodAccessorImpl.java:43) ~[?:?]
	at java.lang.reflect.Method.invoke(Method.java:566) ~[?:?]
	at org.junit.platform.commons.util.ReflectionUtils.invokeMethod(ReflectionUtils.java:532) ~[junit-platform-commons-1.3.2.jar:1.3.2]
	at org.junit.jupiter.engine.execution.ExecutableInvoker.invoke(ExecutableInvoker.java:115) ~[junit-jupiter-engine-5.3.2.jar:5.3.2]
	at org.junit.jupiter.engine.descriptor.TestMethodTestDescriptor.lambda$invokeTestMethod$6(TestMethodTestDescriptor.java:171) ~[junit-jupiter-engine-5.3.2.jar:5.3.2]
	at org.junit.platform.engine.support.hierarchical.ThrowableCollector.execute(ThrowableCollector.java:72) ~[junit-platform-engine-1.3.2.jar:1.3.2]
	at org.junit.jupiter.engine.descriptor.TestMethodTestDescriptor.invokeTestMethod(TestMethodTestDescriptor.java:167) ~[junit-jupiter-engine-5.3.2.jar:5.3.2]
	at org.junit.jupiter.engine.descriptor.TestMethodTestDescriptor.execute(TestMethodTestDescriptor.java:114) ~[junit-jupiter-engine-5.3.2.jar:5.3.2]
	at org.junit.jupiter.engine.descriptor.TestMethodTestDescriptor.execute(TestMethodTestDescriptor.java:59) ~[junit-jupiter-engine-5.3.2.jar:5.3.2]
	at org.junit.platform.engine.support.hierarchical.NodeTestTask.lambda$executeRecursively$4(NodeTestTask.java:108) ~[junit-platform-engine-1.3.2.jar:1.3.2]
	at org.junit.platform.engine.support.hierarchical.ThrowableCollector.execute(ThrowableCollector.java:72) ~[junit-platform-engine-1.3.2.jar:1.3.2]
	at org.junit.platform.engine.support.hierarchical.NodeTestTask.executeRecursively(NodeTestTask.java:98) ~[junit-platform-engine-1.3.2.jar:1.3.2]
	at org.junit.platform.engine.support.hierarchical.NodeTestTask.execute(NodeTestTask.java:74) ~[junit-platform-engine-1.3.2.jar:1.3.2]
	at java.util.ArrayList.forEach(ArrayList.java:1541) ~[?:?]
	at org.junit.platform.engine.support.hierarchical.SameThreadHierarchicalTestExecutorService.invokeAll(SameThreadHierarchicalTestExecutorService.java:38) ~[junit-platform-engine-1.3.2.jar:1.3.2]
	at org.junit.platform.engine.support.hierarchical.NodeTestTask.lambda$executeRecursively$4(NodeTestTask.java:112) ~[junit-platform-engine-1.3.2.jar:1.3.2]
	at org.junit.platform.engine.support.hierarchical.ThrowableCollector.execute(ThrowableCollector.java:72) ~[junit-platform-engine-1.3.2.jar:1.3.2]
	at org.junit.platform.engine.support.hierarchical.NodeTestTask.executeRecursively(NodeTestTask.java:98) ~[junit-platform-engine-1.3.2.jar:1.3.2]
	at org.junit.platform.engine.support.hierarchical.NodeTestTask.execute(NodeTestTask.java:74) ~[junit-platform-engine-1.3.2.jar:1.3.2]
	at java.util.ArrayList.forEach(ArrayList.java:1541) ~[?:?]
	at org.junit.platform.engine.support.hierarchical.SameThreadHierarchicalTestExecutorService.invokeAll(SameThreadHierarchicalTestExecutorService.java:38) ~[junit-platform-engine-1.3.2.jar:1.3.2]
	at org.junit.platform.engine.support.hierarchical.NodeTestTask.lambda$executeRecursively$4(NodeTestTask.java:112) ~[junit-platform-engine-1.3.2.jar:1.3.2]
	at org.junit.platform.engine.support.hierarchical.ThrowableCollector.execute(ThrowableCollector.java:72) ~[junit-platform-engine-1.3.2.jar:1.3.2]
	at org.junit.platform.engine.support.hierarchical.NodeTestTask.executeRecursively(NodeTestTask.java:98) ~[junit-platform-engine-1.3.2.jar:1.3.2]
	at org.junit.platform.engine.support.hierarchical.NodeTestTask.execute(NodeTestTask.java:74) ~[junit-platform-engine-1.3.2.jar:1.3.2]
	at org.junit.platform.engine.support.hierarchical.SameThreadHierarchicalTestExecutorService.submit(SameThreadHierarchicalTestExecutorService.java:32) ~[junit-platform-engine-1.3.2.jar:1.3.2]
	at org.junit.platform.engine.support.hierarchical.HierarchicalTestExecutor.execute(HierarchicalTestExecutor.java:57) ~[junit-platform-engine-1.3.2.jar:1.3.2]
	at org.junit.platform.engine.support.hierarchical.HierarchicalTestEngine.execute(HierarchicalTestEngine.java:51) ~[junit-platform-engine-1.3.2.jar:1.3.2]
	at org.junit.platform.launcher.core.DefaultLauncher.execute(DefaultLauncher.java:220) ~[junit-platform-launcher-1.3.2.jar:1.3.2]
	at org.junit.platform.launcher.core.DefaultLauncher.lambda$execute$6(DefaultLauncher.java:188) ~[junit-platform-launcher-1.3.2.jar:1.3.2]
	at org.junit.platform.launcher.core.DefaultLauncher.withInterceptedStreams(DefaultLauncher.java:202) [junit-platform-launcher-1.3.2.jar:1.3.2]
	at org.junit.platform.launcher.core.DefaultLauncher.execute(DefaultLauncher.java:181) [junit-platform-launcher-1.3.2.jar:1.3.2]
	at org.junit.platform.launcher.core.DefaultLauncher.execute(DefaultLauncher.java:128) [junit-platform-launcher-1.3.2.jar:1.3.2]
	at org.eclipse.jdt.internal.junit5.runner.JUnit5TestReference.run(JUnit5TestReference.java:100) [.cp/:?]
	at org.eclipse.jdt.internal.junit.runner.TestExecution.run(TestExecution.java:41) [.cp/:?]
	at org.eclipse.jdt.internal.junit.runner.RemoteTestRunner.runTests(RemoteTestRunner.java:542) [.cp/:?]
	at org.eclipse.jdt.internal.junit.runner.RemoteTestRunner.runTests(RemoteTestRunner.java:770) [.cp/:?]
	at org.eclipse.jdt.internal.junit.runner.RemoteTestRunner.run(RemoteTestRunner.java:464) [.cp/:?]
	at org.eclipse.jdt.internal.junit.runner.RemoteTestRunner.main(RemoteTestRunner.java:210) [.cp/:?]
2021-04-06 11:58:48.601 [main] INFO  DataBaseTestConfig - Create DB connection
2021-04-06 11:58:48.605 [main] INFO  DataBaseTestConfig - Closing Result Set
2021-04-06 11:58:48.605 [main] INFO  DataBaseTestConfig - Closing Prepared Statement
2021-04-06 11:58:48.605 [main] INFO  DataBaseTestConfig - Closing DB connection
2021-04-06 11:58:48.613 [main] INFO  DataBaseTestConfig - Create DB connection
2021-04-06 11:58:48.627 [main] INFO  DataBaseTestConfig - Closing DB connection
2021-04-06 11:58:48.627 [main] INFO  DataBaseTestConfig - Create DB connection
2021-04-06 11:58:48.630 [main] INFO  DataBaseTestConfig - Closing Result Set
2021-04-06 11:58:48.631 [main] INFO  DataBaseTestConfig - Closing Prepared Statement
2021-04-06 11:58:48.631 [main] INFO  DataBaseTestConfig - Closing DB connection
2021-04-06 11:58:48.631 [main] INFO  DataBaseTestConfig - Create DB connection
2021-04-06 11:58:48.635 [main] INFO  DataBaseTestConfig - Closing Result Set
2021-04-06 11:58:48.635 [main] INFO  DataBaseTestConfig - Closing Prepared Statement
2021-04-06 11:58:48.635 [main] INFO  DataBaseTestConfig - Closing DB connection
2021-04-06 11:58:48.635 [main] INFO  DataBaseTestConfig - Create DB connection
2021-04-06 11:58:48.639 [main] INFO  DataBaseTestConfig - Closing Prepared Statement
2021-04-06 11:58:48.639 [main] INFO  DataBaseTestConfig - Closing DB connection
2021-04-06 11:58:48.639 [main] INFO  DataBaseTestConfig - Create DB connection
2021-04-06 11:58:48.645 [main] INFO  DataBaseTestConfig - Closing DB connection
2021-04-06 11:58:48.645 [main] INFO  DataBaseConfig - Create DB connection
2021-04-06 11:58:48.648 [main] INFO  DataBaseConfig - Closing DB connection
2021-04-06 11:58:48.650 [main] INFO  DataBaseTestConfig - Create DB connection
2021-04-06 11:58:48.662 [main] INFO  DataBaseTestConfig - Closing DB connection
2021-04-06 11:58:48.663 [main] INFO  DataBaseTestConfig - Create DB connection
2021-04-06 11:58:48.666 [main] INFO  DataBaseTestConfig - Closing Result Set
2021-04-06 11:58:48.666 [main] INFO  DataBaseTestConfig - Closing Prepared Statement
2021-04-06 11:58:48.667 [main] INFO  DataBaseTestConfig - Closing DB connection
2021-04-06 11:58:48.667 [main] INFO  DataBaseTestConfig - Create DB connection
2021-04-06 11:58:48.670 [main] INFO  DataBaseTestConfig - Closing Result Set
2021-04-06 11:58:48.670 [main] INFO  DataBaseTestConfig - Closing Prepared Statement
2021-04-06 11:58:48.670 [main] INFO  DataBaseTestConfig - Closing DB connection
2021-04-06 11:58:48.671 [main] INFO  DataBaseTestConfig - Create DB connection
2021-04-06 11:58:48.675 [main] INFO  DataBaseTestConfig - Closing Prepared Statement
2021-04-06 11:58:48.676 [main] INFO  DataBaseTestConfig - Closing DB connection
2021-04-06 11:58:48.676 [main] INFO  DataBaseTestConfig - Create DB connection
2021-04-06 11:58:48.681 [main] INFO  DataBaseTestConfig - Closing DB connection
2021-04-06 11:58:48.681 [main] INFO  DataBaseConfig - Create DB connection
2021-04-06 11:58:48.684 [main] INFO  DataBaseConfig - Closing DB connection
2021-04-06 11:58:48.686 [main] INFO  DataBaseTestConfig - Create DB connection
2021-04-06 11:58:48.700 [main] INFO  DataBaseTestConfig - Closing DB connection
2021-04-06 11:58:48.701 [main] INFO  DataBaseTestConfig - Create DB connection
2021-04-06 11:58:48.704 [main] INFO  DataBaseTestConfig - Closing Result Set
2021-04-06 11:58:48.704 [main] INFO  DataBaseTestConfig - Closing Prepared Statement
2021-04-06 11:58:48.704 [main] INFO  DataBaseTestConfig - Closing DB connection
2021-04-06 11:58:48.704 [main] INFO  DataBaseTestConfig - Create DB connection
2021-04-06 11:58:48.709 [main] INFO  DataBaseTestConfig - Closing Prepared Statement
2021-04-06 11:58:48.709 [main] INFO  DataBaseTestConfig - Closing DB connection
2021-04-06 11:58:48.709 [main] INFO  DataBaseTestConfig - Create DB connection
2021-04-06 11:58:48.714 [main] INFO  DataBaseTestConfig - Closing DB connection
2021-04-06 11:58:48.714 [main] INFO  DataBaseTestConfig - Create DB connection
2021-04-06 11:58:48.718 [main] INFO  DataBaseTestConfig - Closing Result Set
2021-04-06 11:58:48.718 [main] INFO  DataBaseTestConfig - Closing Prepared Statement
2021-04-06 11:58:48.718 [main] INFO  DataBaseTestConfig - Closing DB connection
2021-04-06 11:58:48.718 [main] INFO  DataBaseTestConfig - Create DB connection
2021-04-06 11:58:48.721 [main] INFO  DataBaseTestConfig - Closing Result Set
2021-04-06 11:58:48.721 [main] INFO  DataBaseTestConfig - Closing Prepared Statement
2021-04-06 11:58:48.721 [main] INFO  DataBaseTestConfig - Closing DB connection
2021-04-06 11:58:48.730 [main] INFO  DataBaseConfig - Create DB connection
2021-04-06 11:58:48.734 [main] INFO  DataBaseConfig - Closing DB connection
2021-04-06 11:58:48.735 [main] INFO  DataBaseConfig - Create DB connection
2021-04-06 11:58:48.738 [main] INFO  DataBaseConfig - Closing Result Set
2021-04-06 11:58:48.738 [main] INFO  DataBaseConfig - Closing Prepared Statement
2021-04-06 11:58:48.738 [main] INFO  DataBaseConfig - Closing DB connection
2021-04-06 11:58:48.739 [main] INFO  DataBaseConfig - Create DB connection
2021-04-06 11:58:48.742 [main] INFO  DataBaseConfig - Closing DB connection
2021-04-06 11:58:48.743 [main] INFO  DataBaseConfig - Create DB connection
2021-04-06 11:58:48.746 [main] INFO  DataBaseConfig - Closing Result Set
2021-04-06 11:58:48.746 [main] INFO  DataBaseConfig - Closing Prepared Statement
2021-04-06 11:58:48.746 [main] INFO  DataBaseConfig - Closing DB connection
2021-04-06 11:58:49.088 [main] ERROR ParkingSpotDAO - Error updating parking info
java.sql.SQLException: null
2021-04-06 11:58:49.121 [main] INFO  DataBaseConfig - Create DB connection
2021-04-06 11:58:49.125 [main] INFO  DataBaseConfig - Closing DB connection
2021-04-06 11:58:49.126 [main] INFO  DataBaseConfig - Create DB connection
2021-04-06 11:58:49.128 [main] INFO  DataBaseConfig - Closing DB connection
2021-04-06 11:58:49.130 [main] INFO  DataBaseConfig - Create DB connection
2021-04-06 11:58:49.133 [main] INFO  DataBaseConfig - Closing DB connection
2021-04-06 11:58:49.134 [main] INFO  DataBaseConfig - Create DB connection
2021-04-06 11:58:49.137 [main] INFO  DataBaseConfig - Closing DB connection
2021-04-06 11:58:49.138 [main] INFO  DataBaseConfig - Create DB connection
2021-04-06 11:58:49.141 [main] INFO  DataBaseConfig - Closing DB connection
2021-04-06 11:58:49.141 [main] INFO  DataBaseConfig - Create DB connection
2021-04-06 11:58:49.144 [main] INFO  DataBaseConfig - Closing DB connection
2021-04-06 11:58:49.145 [main] INFO  DataBaseConfig - Create DB connection
2021-04-06 11:58:49.148 [main] INFO  DataBaseConfig - Closing DB connection
2021-04-06 11:58:49.149 [main] INFO  DataBaseConfig - Create DB connection
2021-04-06 11:58:49.152 [main] INFO  DataBaseConfig - Closing DB connection
2021-04-06 11:58:49.153 [main] INFO  DataBaseConfig - Create DB connection
2021-04-06 11:58:49.155 [main] INFO  DataBaseConfig - Closing DB connection
2021-04-06 11:58:49.156 [main] INFO  DataBaseConfig - Create DB connection
2021-04-06 11:58:49.159 [main] INFO  DataBaseConfig - Closing DB connection
2021-04-06 11:58:49.160 [main] INFO  DataBaseConfig - Create DB connection
2021-04-06 11:58:49.162 [main] INFO  DataBaseConfig - Closing DB connection
2021-04-06 11:58:49.163 [main] INFO  DataBaseConfig - Create DB connection
2021-04-06 11:58:49.166 [main] INFO  DataBaseConfig - Closing DB connection
2021-04-06 11:58:49.166 [main] INFO  DataBaseConfig - Create DB connection
2021-04-06 11:58:49.169 [main] INFO  DataBaseConfig - Closing DB connection
2021-04-06 11:58:49.172 [main] INFO  DataBaseConfig - Create DB connection
2021-04-06 11:58:49.174 [main] INFO  DataBaseConfig - Closing DB connection
2021-04-06 11:58:49.208 [main] ERROR ParkingService - Error parsing user input for type of vehicle
java.lang.IllegalArgumentException: Entered input is invalid
	at com.parkit.parkingsystem.service.ParkingService.getVehichleType(ParkingService.java:97) ~[classes/:?]
	at com.parkit.parkingsystem.service.ParkingService.getNextParkingNumberIfAvailable(ParkingService.java:68) ~[classes/:?]
	at com.parkit.parkingsystem.service.ParkingServiceTest.incorrectInputProvidedForVehicleTypeTest(ParkingServiceTest.java:81) ~[test-classes/:?]
	at jdk.internal.reflect.NativeMethodAccessorImpl.invoke0(Native Method) ~[?:?]
	at jdk.internal.reflect.NativeMethodAccessorImpl.invoke(NativeMethodAccessorImpl.java:62) ~[?:?]
	at jdk.internal.reflect.DelegatingMethodAccessorImpl.invoke(DelegatingMethodAccessorImpl.java:43) ~[?:?]
	at java.lang.reflect.Method.invoke(Method.java:566) ~[?:?]
	at org.junit.platform.commons.util.ReflectionUtils.invokeMethod(ReflectionUtils.java:532) ~[junit-platform-commons-1.3.2.jar:1.3.2]
	at org.junit.jupiter.engine.execution.ExecutableInvoker.invoke(ExecutableInvoker.java:115) ~[junit-jupiter-engine-5.3.2.jar:5.3.2]
	at org.junit.jupiter.engine.descriptor.TestMethodTestDescriptor.lambda$invokeTestMethod$6(TestMethodTestDescriptor.java:171) ~[junit-jupiter-engine-5.3.2.jar:5.3.2]
	at org.junit.platform.engine.support.hierarchical.ThrowableCollector.execute(ThrowableCollector.java:72) ~[junit-platform-engine-1.3.2.jar:1.3.2]
	at org.junit.jupiter.engine.descriptor.TestMethodTestDescriptor.invokeTestMethod(TestMethodTestDescriptor.java:167) ~[junit-jupiter-engine-5.3.2.jar:5.3.2]
	at org.junit.jupiter.engine.descriptor.TestMethodTestDescriptor.execute(TestMethodTestDescriptor.java:114) ~[junit-jupiter-engine-5.3.2.jar:5.3.2]
	at org.junit.jupiter.engine.descriptor.TestMethodTestDescriptor.execute(TestMethodTestDescriptor.java:59) ~[junit-jupiter-engine-5.3.2.jar:5.3.2]
	at org.junit.platform.engine.support.hierarchical.NodeTestTask.lambda$executeRecursively$4(NodeTestTask.java:108) ~[junit-platform-engine-1.3.2.jar:1.3.2]
	at org.junit.platform.engine.support.hierarchical.ThrowableCollector.execute(ThrowableCollector.java:72) ~[junit-platform-engine-1.3.2.jar:1.3.2]
	at org.junit.platform.engine.support.hierarchical.NodeTestTask.executeRecursively(NodeTestTask.java:98) ~[junit-platform-engine-1.3.2.jar:1.3.2]
	at org.junit.platform.engine.support.hierarchical.NodeTestTask.execute(NodeTestTask.java:74) ~[junit-platform-engine-1.3.2.jar:1.3.2]
	at java.util.ArrayList.forEach(ArrayList.java:1541) ~[?:?]
	at org.junit.platform.engine.support.hierarchical.SameThreadHierarchicalTestExecutorService.invokeAll(SameThreadHierarchicalTestExecutorService.java:38) ~[junit-platform-engine-1.3.2.jar:1.3.2]
	at org.junit.platform.engine.support.hierarchical.NodeTestTask.lambda$executeRecursively$4(NodeTestTask.java:112) ~[junit-platform-engine-1.3.2.jar:1.3.2]
	at org.junit.platform.engine.support.hierarchical.ThrowableCollector.execute(ThrowableCollector.java:72) ~[junit-platform-engine-1.3.2.jar:1.3.2]
	at org.junit.platform.engine.support.hierarchical.NodeTestTask.executeRecursively(NodeTestTask.java:98) ~[junit-platform-engine-1.3.2.jar:1.3.2]
	at org.junit.platform.engine.support.hierarchical.NodeTestTask.execute(NodeTestTask.java:74) ~[junit-platform-engine-1.3.2.jar:1.3.2]
	at java.util.ArrayList.forEach(ArrayList.java:1541) ~[?:?]
	at org.junit.platform.engine.support.hierarchical.SameThreadHierarchicalTestExecutorService.invokeAll(SameThreadHierarchicalTestExecutorService.java:38) ~[junit-platform-engine-1.3.2.jar:1.3.2]
	at org.junit.platform.engine.support.hierarchical.NodeTestTask.lambda$executeRecursively$4(NodeTestTask.java:112) ~[junit-platform-engine-1.3.2.jar:1.3.2]
	at org.junit.platform.engine.support.hierarchical.ThrowableCollector.execute(ThrowableCollector.java:72) ~[junit-platform-engine-1.3.2.jar:1.3.2]
	at org.junit.platform.engine.support.hierarchical.NodeTestTask.executeRecursively(NodeTestTask.java:98) ~[junit-platform-engine-1.3.2.jar:1.3.2]
	at org.junit.platform.engine.support.hierarchical.NodeTestTask.execute(NodeTestTask.java:74) ~[junit-platform-engine-1.3.2.jar:1.3.2]
	at org.junit.platform.engine.support.hierarchical.SameThreadHierarchicalTestExecutorService.submit(SameThreadHierarchicalTestExecutorService.java:32) ~[junit-platform-engine-1.3.2.jar:1.3.2]
	at org.junit.platform.engine.support.hierarchical.HierarchicalTestExecutor.execute(HierarchicalTestExecutor.java:57) ~[junit-platform-engine-1.3.2.jar:1.3.2]
	at org.junit.platform.engine.support.hierarchical.HierarchicalTestEngine.execute(HierarchicalTestEngine.java:51) ~[junit-platform-engine-1.3.2.jar:1.3.2]
	at org.junit.platform.launcher.core.DefaultLauncher.execute(DefaultLauncher.java:220) ~[junit-platform-launcher-1.3.2.jar:1.3.2]
	at org.junit.platform.launcher.core.DefaultLauncher.lambda$execute$6(DefaultLauncher.java:188) ~[junit-platform-launcher-1.3.2.jar:1.3.2]
	at org.junit.platform.launcher.core.DefaultLauncher.withInterceptedStreams(DefaultLauncher.java:202) [junit-platform-launcher-1.3.2.jar:1.3.2]
	at org.junit.platform.launcher.core.DefaultLauncher.execute(DefaultLauncher.java:181) [junit-platform-launcher-1.3.2.jar:1.3.2]
	at org.junit.platform.launcher.core.DefaultLauncher.execute(DefaultLauncher.java:128) [junit-platform-launcher-1.3.2.jar:1.3.2]
	at org.eclipse.jdt.internal.junit5.runner.JUnit5TestReference.run(JUnit5TestReference.java:100) [.cp/:?]
	at org.eclipse.jdt.internal.junit.runner.TestExecution.run(TestExecution.java:41) [.cp/:?]
	at org.eclipse.jdt.internal.junit.runner.RemoteTestRunner.runTests(RemoteTestRunner.java:542) [.cp/:?]
	at org.eclipse.jdt.internal.junit.runner.RemoteTestRunner.runTests(RemoteTestRunner.java:770) [.cp/:?]
	at org.eclipse.jdt.internal.junit.runner.RemoteTestRunner.run(RemoteTestRunner.java:464) [.cp/:?]
	at org.eclipse.jdt.internal.junit.runner.RemoteTestRunner.main(RemoteTestRunner.java:210) [.cp/:?]
2021-04-06 11:58:49.211 [main] INFO  DataBaseConfig - Create DB connection
2021-04-06 11:58:49.214 [main] INFO  DataBaseConfig - Closing DB connection
